<?xml version="1.0" encoding="UTF-8"?>
<testng-results ignored="0" total="4" passed="4" failed="0" skipped="0">
  <reporter-output>
  </reporter-output>
  <suite started-at="2026-01-15T11:55:44 MYT" name="Default suite" finished-at="2026-01-15T11:56:27 MYT" duration-ms="42832">
    <groups>
      <group name="cucumber">
        <method signature="AbstractTestNGCucumberTests.runScenario(io.cucumber.testng.PickleWrapper,io.cucumber.testng.FeatureWrapper)[pri:0, instance:com.lugendran.runners.TestRunner@38145825]" name="runScenario" class="io.cucumber.testng.AbstractTestNGCucumberTests"/>
      </group> <!-- cucumber -->
    </groups>
    <test started-at="2026-01-15T11:55:44 MYT" name="Default test" finished-at="2026-01-15T11:56:27 MYT" duration-ms="42832">
      <class name="com.lugendran.runners.TestRunner">
        <test-method is-config="true" signature="setUpClass(org.testng.ITestContext)[pri:0, instance:com.lugendran.runners.TestRunner@38145825]" started-at="2026-01-15T11:55:44 MYT" name="setUpClass" finished-at="2026-01-15T11:55:44 MYT" duration-ms="148" status="PASS">
          <params>
            <param index="0">
              <value>
                <![CDATA[org.testng.TestRunner@4d0cc83e]]>
              </value>
            </param>
          </params>
          <reporter-output>
          </reporter-output>
        </test-method> <!-- setUpClass -->
        <test-method signature="runScenario(io.cucumber.testng.PickleWrapper,io.cucumber.testng.FeatureWrapper)[pri:0, instance:com.lugendran.runners.TestRunner@38145825]" started-at="2026-01-15T11:55:44 MYT" name="runScenario" description="Runs Cucumber Scenarios" data-provider="scenarios" finished-at="2026-01-15T11:55:57 MYT" duration-ms="12823" status="PASS">
          <params>
            <param index="0">
              <value>
                <![CDATA["Add product to cart after login"]]>
              </value>
            </param>
            <param index="1">
              <value>
                <![CDATA["Add to Cart"]]>
              </value>
            </param>
          </params>
          <reporter-output>
          </reporter-output>
        </test-method> <!-- runScenario -->
        <test-method signature="runScenario(io.cucumber.testng.PickleWrapper,io.cucumber.testng.FeatureWrapper)[pri:0, instance:com.lugendran.runners.TestRunner@38145825]" started-at="2026-01-15T11:55:57 MYT" name="runScenario" description="Runs Cucumber Scenarios" data-provider="scenarios" finished-at="2026-01-15T11:56:08 MYT" duration-ms="10991" status="PASS">
          <params>
            <param index="0">
              <value>
                <![CDATA["Add two products to cart"]]>
              </value>
            </param>
            <param index="1">
              <value>
                <![CDATA["Multiple Products in Cart"]]>
              </value>
            </param>
          </params>
          <reporter-output>
          </reporter-output>
        </test-method> <!-- runScenario -->
        <test-method signature="runScenario(io.cucumber.testng.PickleWrapper,io.cucumber.testng.FeatureWrapper)[pri:0, instance:com.lugendran.runners.TestRunner@38145825]" started-at="2026-01-15T11:56:08 MYT" name="runScenario" description="Runs Cucumber Scenarios" data-provider="scenarios" finished-at="2026-01-15T11:56:17 MYT" duration-ms="9413" status="PASS">
          <params>
            <param index="0">
              <value>
                <![CDATA["Successful login with valid credentials"]]>
              </value>
            </param>
            <param index="1">
              <value>
                <![CDATA["Login to Swag Labs"]]>
              </value>
            </param>
          </params>
          <reporter-output>
          </reporter-output>
        </test-method> <!-- runScenario -->
        <test-method signature="runScenario(io.cucumber.testng.PickleWrapper,io.cucumber.testng.FeatureWrapper)[pri:0, instance:com.lugendran.runners.TestRunner@38145825]" started-at="2026-01-15T11:56:17 MYT" name="runScenario" description="Runs Cucumber Scenarios" data-provider="scenarios" finished-at="2026-01-15T11:56:27 MYT" duration-ms="9417" status="PASS">
          <params>
            <param index="0">
              <value>
                <![CDATA["Login with wrong password"]]>
              </value>
            </param>
            <param index="1">
              <value>
                <![CDATA["Invalid Login"]]>
              </value>
            </param>
          </params>
          <reporter-output>
          </reporter-output>
        </test-method> <!-- runScenario -->
        <test-method is-config="true" signature="tearDownClass()[pri:0, instance:com.lugendran.runners.TestRunner@38145825]" started-at="2026-01-15T11:56:27 MYT" name="tearDownClass" finished-at="2026-01-15T11:56:27 MYT" duration-ms="1" status="PASS">
          <reporter-output>
          </reporter-output>
        </test-method> <!-- tearDownClass -->
      </class> <!-- com.lugendran.runners.TestRunner -->
    </test> <!-- Default test -->
  </suite> <!-- Default suite -->
</testng-results>
