<?xml version="1.0" encoding="UTF-8"?>
<!-- Generated by org.testng.reporters.JUnitReportReporter -->
<testsuite hostname="DESKTOP-SI9A2D1" failures="0" tests="4" name="com.lugendran.runners.TestRunner" time="42.644" errors="0" timestamp="2026-01-15T11:56:27 MYT" skipped="0">
  <testcase classname="com.lugendran.runners.TestRunner" name="runScenario" time="12.823"/>
  <testcase classname="com.lugendran.runners.TestRunner" name="runScenario" time="9.413"/>
  <testcase classname="com.lugendran.runners.TestRunner" name="runScenario" time="10.991"/>
  <testcase classname="com.lugendran.runners.TestRunner" name="runScenario" time="9.417"/>
</testsuite> <!-- com.lugendran.runners.TestRunner -->
